[debug] [2023-10-21T16:00:32.430Z] ----------------------------------------------------------------------
[debug] [2023-10-21T16:00:32.432Z] Command:       C:\Program Files\nodejs\node.exe C:\Users\PC\AppData\Roaming\npm\node_modules\firebase-tools\lib\bin\firebase.js init
[debug] [2023-10-21T16:00:32.433Z] CLI Version:   12.7.0
[debug] [2023-10-21T16:00:32.433Z] Platform:      win32
[debug] [2023-10-21T16:00:32.433Z] Node Version:  v18.18.1
[debug] [2023-10-21T16:00:32.434Z] Time:          Sat Oct 21 2023 19:00:32 GMT+0300 (за східноєвропейським літнім часом)
[debug] [2023-10-21T16:00:32.434Z] ----------------------------------------------------------------------
[debug] 
[debug] [2023-10-21T16:00:32.439Z] > command requires scopes: ["email","openid","https://www.googleapis.com/auth/cloudplatformprojects.readonly","https://www.googleapis.com/auth/firebase","https://www.googleapis.com/auth/cloud-platform"]
[debug] [2023-10-21T16:00:32.439Z] > authorizing via signed-in user (setserg02@gmail.com)
[info] 
     ######## #### ########  ######## ########     ###     ######  ########
     ##        ##  ##     ## ##       ##     ##  ##   ##  ##       ##
     ######    ##  ########  ######   ########  #########  ######  ######
     ##        ##  ##    ##  ##       ##     ## ##     ##       ## ##
     ##       #### ##     ## ######## ########  ##     ##  ######  ########

You're about to initialize a Firebase project in this directory:

  C:\Users\PC\Desktop\Arena-Gym

[info] 
=== Project Setup
[info] 
[info] First, let's associate this project directory with a Firebase project.
[info] You can create multiple project aliases by running firebase use --add, 
[info] but for now we'll just set up a default project.
[info] 
[debug] [2023-10-21T16:00:39.333Z] >>> [apiv2][query] GET https://firebase.googleapis.com/v1beta1/projects pageSize=100
[debug] [2023-10-21T16:00:40.065Z] <<< [apiv2][status] GET https://firebase.googleapis.com/v1beta1/projects 200
[debug] [2023-10-21T16:00:40.065Z] <<< [apiv2][body] GET https://firebase.googleapis.com/v1beta1/projects [omitted]
[info] i  Using project test-arena-gym (test-arena-gym) 
[info] 
=== Database Setup
[info] i  database: ensuring required API firebasedatabase.googleapis.com is enabled... 
[debug] [2023-10-21T16:00:41.395Z] >>> [apiv2][query] GET https://serviceusage.googleapis.com/v1/projects/test-arena-gym/services/firebasedatabase.googleapis.com [none]
[debug] [2023-10-21T16:00:41.395Z] >>> [apiv2][(partial)header] GET https://serviceusage.googleapis.com/v1/projects/test-arena-gym/services/firebasedatabase.googleapis.com x-goog-quota-user=projects/test-arena-gym
[debug] [2023-10-21T16:00:42.568Z] <<< [apiv2][status] GET https://serviceusage.googleapis.com/v1/projects/test-arena-gym/services/firebasedatabase.googleapis.com 200
[debug] [2023-10-21T16:00:42.568Z] <<< [apiv2][body] GET https://serviceusage.googleapis.com/v1/projects/test-arena-gym/services/firebasedatabase.googleapis.com [omitted]
[info] +  database: required API firebasedatabase.googleapis.com is enabled 
[info] 
[debug] [2023-10-21T16:00:42.569Z] >>> [apiv2][query] GET https://firebasedatabase.googleapis.com/v1beta/projects/test-arena-gym/locations/-/instances/test-arena-gym-default-rtdb [none]
[debug] [2023-10-21T16:00:43.564Z] <<< [apiv2][status] GET https://firebasedatabase.googleapis.com/v1beta/projects/test-arena-gym/locations/-/instances/test-arena-gym-default-rtdb 200
[debug] [2023-10-21T16:00:43.564Z] <<< [apiv2][body] GET https://firebasedatabase.googleapis.com/v1beta/projects/test-arena-gym/locations/-/instances/test-arena-gym-default-rtdb {"name":"projects/78361327598/locations/europe-west1/instances/test-arena-gym-default-rtdb","project":"projects/78361327598","databaseUrl":"https://test-arena-gym-default-rtdb.europe-west1.firebasedatabase.app","type":"DEFAULT_DATABASE","state":"ACTIVE"}
[info] 
[info] Firebase Realtime Database Security Rules allow you to define how your data should be
[info] structured and when your data can be read from and written to.
[info] 
[debug] [2023-10-21T16:00:56.168Z] >>> [apiv2][query] GET https://test-arena-gym-default-rtdb.europe-west1.firebasedatabase.app/.settings/rules.json [none]
[debug] [2023-10-21T16:00:56.451Z] <<< [apiv2][status] GET https://test-arena-gym-default-rtdb.europe-west1.firebasedatabase.app/.settings/rules.json 200
[debug] [2023-10-21T16:00:56.451Z] <<< [apiv2][body] GET https://test-arena-gym-default-rtdb.europe-west1.firebasedatabase.app/.settings/rules.json [stream]
[info] +  Database Rules for test-arena-gym-default-rtdb have been written to database.rules.json. 
[info] Future modifications to database.rules.json will update Realtime Database Security Rules when you run
[info] firebase deploy.
[info] 
=== Firestore Setup
[debug] [2023-10-21T16:00:56.454Z] >>> [apiv2][query] GET https://serviceusage.googleapis.com/v1/projects/test-arena-gym/services/firestore.googleapis.com [none]
[debug] [2023-10-21T16:00:56.454Z] >>> [apiv2][(partial)header] GET https://serviceusage.googleapis.com/v1/projects/test-arena-gym/services/firestore.googleapis.com x-goog-quota-user=projects/test-arena-gym
[debug] [2023-10-21T16:00:57.534Z] <<< [apiv2][status] GET https://serviceusage.googleapis.com/v1/projects/test-arena-gym/services/firestore.googleapis.com 200
[debug] [2023-10-21T16:00:57.534Z] <<< [apiv2][body] GET https://serviceusage.googleapis.com/v1/projects/test-arena-gym/services/firestore.googleapis.com [omitted]
[debug] [2023-10-21T16:00:57.534Z] >>> [apiv2][query] GET https://firestore.googleapis.com/v1/projects/test-arena-gym/databases/(default) [none]
[debug] [2023-10-21T16:00:57.798Z] <<< [apiv2][status] GET https://firestore.googleapis.com/v1/projects/test-arena-gym/databases/(default) 200
[debug] [2023-10-21T16:00:57.799Z] <<< [apiv2][body] GET https://firestore.googleapis.com/v1/projects/test-arena-gym/databases/(default) {"name":"projects/test-arena-gym/databases/(default)","uid":"feaa3955-4f7f-462f-bf07-cd27868ac1a1","createTime":"2023-10-21T15:55:53.561472Z","updateTime":"2023-10-21T15:55:53.561472Z","locationId":"eur3","type":"FIRESTORE_NATIVE","concurrencyMode":"PESSIMISTIC","versionRetentionPeriod":"3600s","earliestVersionTime":"2023-10-21T15:55:53.561472Z","appEngineIntegrationMode":"DISABLED","keyPrefix":"e","pointInTimeRecoveryEnablement":"POINT_IN_TIME_RECOVERY_DISABLED","deleteProtectionState":"DELETE_PROTECTION_DISABLED","etag":"IOfJt8HBh4IDMICL4LDAh4ID"}
[debug] [2023-10-21T16:00:57.799Z] database_type: FIRESTORE_NATIVE
[debug] [2023-10-21T16:00:57.799Z] > command requires scopes: ["email","openid","https://www.googleapis.com/auth/cloudplatformprojects.readonly","https://www.googleapis.com/auth/firebase","https://www.googleapis.com/auth/cloud-platform"]
[debug] [2023-10-21T16:00:57.799Z] > authorizing via signed-in user (setserg02@gmail.com)
[debug] [2023-10-21T16:00:57.799Z] [iam] checking project test-arena-gym for permissions ["firebase.projects.get"]
[debug] [2023-10-21T16:00:57.800Z] >>> [apiv2][query] POST https://cloudresourcemanager.googleapis.com/v1/projects/test-arena-gym:testIamPermissions [none]
[debug] [2023-10-21T16:00:57.800Z] >>> [apiv2][(partial)header] POST https://cloudresourcemanager.googleapis.com/v1/projects/test-arena-gym:testIamPermissions x-goog-quota-user=projects/test-arena-gym
[debug] [2023-10-21T16:00:57.800Z] >>> [apiv2][body] POST https://cloudresourcemanager.googleapis.com/v1/projects/test-arena-gym:testIamPermissions {"permissions":["firebase.projects.get"]}
[debug] [2023-10-21T16:00:58.581Z] <<< [apiv2][status] POST https://cloudresourcemanager.googleapis.com/v1/projects/test-arena-gym:testIamPermissions 200
[debug] [2023-10-21T16:00:58.581Z] <<< [apiv2][body] POST https://cloudresourcemanager.googleapis.com/v1/projects/test-arena-gym:testIamPermissions {"permissions":["firebase.projects.get"]}
[info] 
[info] Firestore Security Rules allow you to define how and when to allow
[info] requests. You can keep these rules in your project directory
[info] and publish them with firebase deploy.
[info] 
[debug] [2023-10-21T16:01:00.534Z] >>> [apiv2][query] GET https://firebaserules.googleapis.com/v1/projects/test-arena-gym/releases pageSize=10&pageToken=
[debug] [2023-10-21T16:01:01.483Z] <<< [apiv2][status] GET https://firebaserules.googleapis.com/v1/projects/test-arena-gym/releases 200
[debug] [2023-10-21T16:01:01.483Z] <<< [apiv2][body] GET https://firebaserules.googleapis.com/v1/projects/test-arena-gym/releases {"releases":[{"name":"projects/test-arena-gym/releases/cloud.firestore","rulesetName":"projects/test-arena-gym/rulesets/e9a9fb2e-5441-4da3-a149-6bc961910278","createTime":"2023-10-21T15:56:03.825988Z","updateTime":"2023-10-21T15:56:03.825988Z"}]}
[debug] [2023-10-21T16:01:01.483Z] Found ruleset: projects/test-arena-gym/rulesets/e9a9fb2e-5441-4da3-a149-6bc961910278
[debug] [2023-10-21T16:01:01.484Z] >>> [apiv2][query] GET https://firebaserules.googleapis.com/v1/projects/test-arena-gym/rulesets/e9a9fb2e-5441-4da3-a149-6bc961910278 [none]
[debug] [2023-10-21T16:01:02.355Z] <<< [apiv2][status] GET https://firebaserules.googleapis.com/v1/projects/test-arena-gym/rulesets/e9a9fb2e-5441-4da3-a149-6bc961910278 200
[debug] [2023-10-21T16:01:02.355Z] <<< [apiv2][body] GET https://firebaserules.googleapis.com/v1/projects/test-arena-gym/rulesets/e9a9fb2e-5441-4da3-a149-6bc961910278 [omitted]
[info] 
[info] Firestore indexes allow you to perform complex queries while
[info] maintaining performance that scales with the size of the result
[info] set. You can keep index definitions in your project directory
[info] and publish them with firebase deploy.
[info] 
[debug] [2023-10-21T16:01:09.000Z] ----------------------------------------------------------------------
[debug] [2023-10-21T16:01:09.002Z] Command:       C:\Program Files\nodejs\node.exe C:\Users\PC\AppData\Roaming\npm\node_modules\firebase-tools\lib\bin\firebase.js init
[debug] [2023-10-21T16:01:09.003Z] CLI Version:   12.7.0
[debug] [2023-10-21T16:01:09.003Z] Platform:      win32
[debug] [2023-10-21T16:01:09.003Z] Node Version:  v18.18.1
[debug] [2023-10-21T16:01:09.004Z] Time:          Sat Oct 21 2023 19:01:09 GMT+0300 (за східноєвропейським літнім часом)
[debug] [2023-10-21T16:01:09.004Z] ----------------------------------------------------------------------
[debug] 
[debug] [2023-10-21T16:01:09.009Z] > command requires scopes: ["email","openid","https://www.googleapis.com/auth/cloudplatformprojects.readonly","https://www.googleapis.com/auth/firebase","https://www.googleapis.com/auth/cloud-platform"]
[debug] [2023-10-21T16:01:09.010Z] > authorizing via signed-in user (setserg02@gmail.com)
[info] 
     ######## #### ########  ######## ########     ###     ######  ########
     ##        ##  ##     ## ##       ##     ##  ##   ##  ##       ##
     ######    ##  ########  ######   ########  #########  ######  ######
     ##        ##  ##    ##  ##       ##     ## ##     ##       ## ##
     ##       #### ##     ## ######## ########  ##     ##  ######  ########

You're about to initialize a Firebase project in this directory:

  C:\Users\PC\Desktop\Arena-Gym

[info] 
=== Project Setup
[info] 
[info] First, let's associate this project directory with a Firebase project.
[info] You can create multiple project aliases by running firebase use --add, 
[info] but for now we'll just set up a default project.
[info] 
[debug] [2023-10-21T16:01:22.126Z] >>> [apiv2][query] GET https://firebase.googleapis.com/v1beta1/projects pageSize=100
[debug] [2023-10-21T16:01:22.779Z] <<< [apiv2][status] GET https://firebase.googleapis.com/v1beta1/projects 200
[debug] [2023-10-21T16:01:22.779Z] <<< [apiv2][body] GET https://firebase.googleapis.com/v1beta1/projects [omitted]
[info] i  Using project test-arena-gym (test-arena-gym) 
[info] 
=== Database Setup
[info] i  database: ensuring required API firebasedatabase.googleapis.com is enabled... 
[debug] [2023-10-21T16:01:24.179Z] >>> [apiv2][query] GET https://serviceusage.googleapis.com/v1/projects/test-arena-gym/services/firebasedatabase.googleapis.com [none]
[debug] [2023-10-21T16:01:24.179Z] >>> [apiv2][(partial)header] GET https://serviceusage.googleapis.com/v1/projects/test-arena-gym/services/firebasedatabase.googleapis.com x-goog-quota-user=projects/test-arena-gym
[debug] [2023-10-21T16:01:25.302Z] <<< [apiv2][status] GET https://serviceusage.googleapis.com/v1/projects/test-arena-gym/services/firebasedatabase.googleapis.com 200
[debug] [2023-10-21T16:01:25.302Z] <<< [apiv2][body] GET https://serviceusage.googleapis.com/v1/projects/test-arena-gym/services/firebasedatabase.googleapis.com [omitted]
[info] +  database: required API firebasedatabase.googleapis.com is enabled 
[info] 
[debug] [2023-10-21T16:01:25.303Z] >>> [apiv2][query] GET https://firebasedatabase.googleapis.com/v1beta/projects/test-arena-gym/locations/-/instances/test-arena-gym-default-rtdb [none]
[debug] [2023-10-21T16:01:26.302Z] <<< [apiv2][status] GET https://firebasedatabase.googleapis.com/v1beta/projects/test-arena-gym/locations/-/instances/test-arena-gym-default-rtdb 200
[debug] [2023-10-21T16:01:26.303Z] <<< [apiv2][body] GET https://firebasedatabase.googleapis.com/v1beta/projects/test-arena-gym/locations/-/instances/test-arena-gym-default-rtdb {"name":"projects/78361327598/locations/europe-west1/instances/test-arena-gym-default-rtdb","project":"projects/78361327598","databaseUrl":"https://test-arena-gym-default-rtdb.europe-west1.firebasedatabase.app","type":"DEFAULT_DATABASE","state":"ACTIVE"}
[info] 
[info] Firebase Realtime Database Security Rules allow you to define how your data should be
[info] structured and when your data can be read from and written to.
[info] 
[debug] [2023-10-21T16:01:29.899Z] >>> [apiv2][query] GET https://test-arena-gym-default-rtdb.europe-west1.firebasedatabase.app/.settings/rules.json [none]
[debug] [2023-10-21T16:01:30.071Z] <<< [apiv2][status] GET https://test-arena-gym-default-rtdb.europe-west1.firebasedatabase.app/.settings/rules.json 200
[debug] [2023-10-21T16:01:30.071Z] <<< [apiv2][body] GET https://test-arena-gym-default-rtdb.europe-west1.firebasedatabase.app/.settings/rules.json [stream]
[info] +  Database Rules for test-arena-gym-default-rtdb have been written to database.rules.json. 
[info] Future modifications to database.rules.json will update Realtime Database Security Rules when you run
[info] firebase deploy.
[info] 
=== Firestore Setup
[debug] [2023-10-21T16:01:30.074Z] >>> [apiv2][query] GET https://serviceusage.googleapis.com/v1/projects/test-arena-gym/services/firestore.googleapis.com [none]
[debug] [2023-10-21T16:01:30.074Z] >>> [apiv2][(partial)header] GET https://serviceusage.googleapis.com/v1/projects/test-arena-gym/services/firestore.googleapis.com x-goog-quota-user=projects/test-arena-gym
[debug] [2023-10-21T16:01:31.071Z] <<< [apiv2][status] GET https://serviceusage.googleapis.com/v1/projects/test-arena-gym/services/firestore.googleapis.com 200
[debug] [2023-10-21T16:01:31.072Z] <<< [apiv2][body] GET https://serviceusage.googleapis.com/v1/projects/test-arena-gym/services/firestore.googleapis.com [omitted]
[debug] [2023-10-21T16:01:31.072Z] >>> [apiv2][query] GET https://firestore.googleapis.com/v1/projects/test-arena-gym/databases/(default) [none]
[debug] [2023-10-21T16:01:31.351Z] <<< [apiv2][status] GET https://firestore.googleapis.com/v1/projects/test-arena-gym/databases/(default) 200
[debug] [2023-10-21T16:01:31.352Z] <<< [apiv2][body] GET https://firestore.googleapis.com/v1/projects/test-arena-gym/databases/(default) {"name":"projects/test-arena-gym/databases/(default)","uid":"feaa3955-4f7f-462f-bf07-cd27868ac1a1","createTime":"2023-10-21T15:55:53.561472Z","updateTime":"2023-10-21T15:55:53.561472Z","locationId":"eur3","type":"FIRESTORE_NATIVE","concurrencyMode":"PESSIMISTIC","versionRetentionPeriod":"3600s","earliestVersionTime":"2023-10-21T15:55:53.561472Z","appEngineIntegrationMode":"DISABLED","keyPrefix":"e","pointInTimeRecoveryEnablement":"POINT_IN_TIME_RECOVERY_DISABLED","deleteProtectionState":"DELETE_PROTECTION_DISABLED","etag":"IIfIt9HBh4IDMICL4LDAh4ID"}
[debug] [2023-10-21T16:01:31.352Z] database_type: FIRESTORE_NATIVE
[debug] [2023-10-21T16:01:31.352Z] > command requires scopes: ["email","openid","https://www.googleapis.com/auth/cloudplatformprojects.readonly","https://www.googleapis.com/auth/firebase","https://www.googleapis.com/auth/cloud-platform"]
[debug] [2023-10-21T16:01:31.352Z] > authorizing via signed-in user (setserg02@gmail.com)
[debug] [2023-10-21T16:01:31.352Z] [iam] checking project test-arena-gym for permissions ["firebase.projects.get"]
[debug] [2023-10-21T16:01:31.353Z] >>> [apiv2][query] POST https://cloudresourcemanager.googleapis.com/v1/projects/test-arena-gym:testIamPermissions [none]
[debug] [2023-10-21T16:01:31.353Z] >>> [apiv2][(partial)header] POST https://cloudresourcemanager.googleapis.com/v1/projects/test-arena-gym:testIamPermissions x-goog-quota-user=projects/test-arena-gym
[debug] [2023-10-21T16:01:31.353Z] >>> [apiv2][body] POST https://cloudresourcemanager.googleapis.com/v1/projects/test-arena-gym:testIamPermissions {"permissions":["firebase.projects.get"]}
[debug] [2023-10-21T16:01:32.182Z] <<< [apiv2][status] POST https://cloudresourcemanager.googleapis.com/v1/projects/test-arena-gym:testIamPermissions 200
[debug] [2023-10-21T16:01:32.182Z] <<< [apiv2][body] POST https://cloudresourcemanager.googleapis.com/v1/projects/test-arena-gym:testIamPermissions {"permissions":["firebase.projects.get"]}
[info] 
[info] Firestore Security Rules allow you to define how and when to allow
[info] requests. You can keep these rules in your project directory
[info] and publish them with firebase deploy.
[info] 
[debug] [2023-10-21T16:01:34.657Z] >>> [apiv2][query] GET https://firebaserules.googleapis.com/v1/projects/test-arena-gym/releases pageSize=10&pageToken=
[debug] [2023-10-21T16:01:35.523Z] <<< [apiv2][status] GET https://firebaserules.googleapis.com/v1/projects/test-arena-gym/releases 200
[debug] [2023-10-21T16:01:35.523Z] <<< [apiv2][body] GET https://firebaserules.googleapis.com/v1/projects/test-arena-gym/releases {"releases":[{"name":"projects/test-arena-gym/releases/cloud.firestore","rulesetName":"projects/test-arena-gym/rulesets/e9a9fb2e-5441-4da3-a149-6bc961910278","createTime":"2023-10-21T15:56:03.825988Z","updateTime":"2023-10-21T15:56:03.825988Z"}]}
[debug] [2023-10-21T16:01:35.523Z] Found ruleset: projects/test-arena-gym/rulesets/e9a9fb2e-5441-4da3-a149-6bc961910278
[debug] [2023-10-21T16:01:35.524Z] >>> [apiv2][query] GET https://firebaserules.googleapis.com/v1/projects/test-arena-gym/rulesets/e9a9fb2e-5441-4da3-a149-6bc961910278 [none]
[debug] [2023-10-21T16:01:36.406Z] <<< [apiv2][status] GET https://firebaserules.googleapis.com/v1/projects/test-arena-gym/rulesets/e9a9fb2e-5441-4da3-a149-6bc961910278 200
[debug] [2023-10-21T16:01:36.406Z] <<< [apiv2][body] GET https://firebaserules.googleapis.com/v1/projects/test-arena-gym/rulesets/e9a9fb2e-5441-4da3-a149-6bc961910278 [omitted]
[info] 
[info] Firestore indexes allow you to perform complex queries while
[info] maintaining performance that scales with the size of the result
[info] set. You can keep index definitions in your project directory
[info] and publish them with firebase deploy.
[info] 
[debug] [2023-10-21T16:01:37.992Z] >>> [apiv2][query] GET https://firestore.googleapis.com/v1/projects/test-arena-gym/databases/(default)/collectionGroups/-/indexes [none]
[debug] [2023-10-21T16:01:37.994Z] >>> [apiv2][query] GET https://firestore.googleapis.com/v1/projects/test-arena-gym/databases/(default)/collectionGroups/-/fields?filter=indexConfig.usesAncestorConfig=false OR ttlConfig:* [none]
[debug] [2023-10-21T16:01:38.283Z] <<< [apiv2][status] GET https://firestore.googleapis.com/v1/projects/test-arena-gym/databases/(default)/collectionGroups/-/indexes 200
[debug] [2023-10-21T16:01:38.283Z] <<< [apiv2][body] GET https://firestore.googleapis.com/v1/projects/test-arena-gym/databases/(default)/collectionGroups/-/indexes {}
[debug] [2023-10-21T16:01:38.582Z] <<< [apiv2][status] GET https://firestore.googleapis.com/v1/projects/test-arena-gym/databases/(default)/collectionGroups/-/fields?filter=indexConfig.usesAncestorConfig=false OR ttlConfig:* 200
[debug] [2023-10-21T16:01:38.582Z] <<< [apiv2][body] GET https://firestore.googleapis.com/v1/projects/test-arena-gym/databases/(default)/collectionGroups/-/fields?filter=indexConfig.usesAncestorConfig=false OR ttlConfig:* {"fields":[{"name":"projects/test-arena-gym/databases/(default)/collectionGroups/__default__/fields/*","indexConfig":{"indexes":[{"queryScope":"COLLECTION","fields":[{"fieldPath":"*","order":"ASCENDING"}],"state":"READY"},{"queryScope":"COLLECTION","fields":[{"fieldPath":"*","order":"DESCENDING"}],"state":"READY"},{"queryScope":"COLLECTION","fields":[{"fieldPath":"*","arrayConfig":"CONTAINS"}],"state":"READY"}]}}]}
[info] 
=== Functions Setup
[debug] [2023-10-21T16:01:38.584Z] > command requires scopes: ["email","openid","https://www.googleapis.com/auth/cloudplatformprojects.readonly","https://www.googleapis.com/auth/firebase","https://www.googleapis.com/auth/cloud-platform"]
[debug] [2023-10-21T16:01:38.584Z] > authorizing via signed-in user (setserg02@gmail.com)
[debug] [2023-10-21T16:01:38.585Z] [iam] checking project test-arena-gym for permissions ["firebase.projects.get"]
[debug] [2023-10-21T16:01:38.585Z] >>> [apiv2][query] POST https://cloudresourcemanager.googleapis.com/v1/projects/test-arena-gym:testIamPermissions [none]
[debug] [2023-10-21T16:01:38.585Z] >>> [apiv2][(partial)header] POST https://cloudresourcemanager.googleapis.com/v1/projects/test-arena-gym:testIamPermissions x-goog-quota-user=projects/test-arena-gym
[debug] [2023-10-21T16:01:38.585Z] >>> [apiv2][body] POST https://cloudresourcemanager.googleapis.com/v1/projects/test-arena-gym:testIamPermissions {"permissions":["firebase.projects.get"]}
[debug] [2023-10-21T16:01:39.407Z] <<< [apiv2][status] POST https://cloudresourcemanager.googleapis.com/v1/projects/test-arena-gym:testIamPermissions 200
[debug] [2023-10-21T16:01:39.407Z] <<< [apiv2][body] POST https://cloudresourcemanager.googleapis.com/v1/projects/test-arena-gym:testIamPermissions {"permissions":["firebase.projects.get"]}
[debug] [2023-10-21T16:01:39.407Z] >>> [apiv2][query] GET https://serviceusage.googleapis.com/v1/projects/test-arena-gym/services/cloudfunctions.googleapis.com [none]
[debug] [2023-10-21T16:01:39.408Z] >>> [apiv2][(partial)header] GET https://serviceusage.googleapis.com/v1/projects/test-arena-gym/services/cloudfunctions.googleapis.com x-goog-quota-user=projects/test-arena-gym
[debug] [2023-10-21T16:01:39.409Z] >>> [apiv2][query] GET https://serviceusage.googleapis.com/v1/projects/test-arena-gym/services/runtimeconfig.googleapis.com [none]
[debug] [2023-10-21T16:01:39.409Z] >>> [apiv2][(partial)header] GET https://serviceusage.googleapis.com/v1/projects/test-arena-gym/services/runtimeconfig.googleapis.com x-goog-quota-user=projects/test-arena-gym
[debug] [2023-10-21T16:01:40.448Z] <<< [apiv2][status] GET https://serviceusage.googleapis.com/v1/projects/test-arena-gym/services/cloudfunctions.googleapis.com 200
[debug] [2023-10-21T16:01:40.448Z] <<< [apiv2][body] GET https://serviceusage.googleapis.com/v1/projects/test-arena-gym/services/cloudfunctions.googleapis.com [omitted]
[debug] [2023-10-21T16:01:40.449Z] >>> [apiv2][query] POST https://serviceusage.googleapis.com/v1/projects/test-arena-gym/services/cloudfunctions.googleapis.com:enable [none]
[debug] [2023-10-21T16:01:40.449Z] >>> [apiv2][(partial)header] POST https://serviceusage.googleapis.com/v1/projects/test-arena-gym/services/cloudfunctions.googleapis.com:enable x-goog-quota-user=projects/test-arena-gym
[debug] [2023-10-21T16:01:40.477Z] <<< [apiv2][status] GET https://serviceusage.googleapis.com/v1/projects/test-arena-gym/services/runtimeconfig.googleapis.com 200
[debug] [2023-10-21T16:01:40.477Z] <<< [apiv2][body] GET https://serviceusage.googleapis.com/v1/projects/test-arena-gym/services/runtimeconfig.googleapis.com [omitted]
[debug] [2023-10-21T16:01:42.206Z] <<< [apiv2][status] POST https://serviceusage.googleapis.com/v1/projects/test-arena-gym/services/cloudfunctions.googleapis.com:enable 200
[debug] [2023-10-21T16:01:42.206Z] <<< [apiv2][body] POST https://serviceusage.googleapis.com/v1/projects/test-arena-gym/services/cloudfunctions.googleapis.com:enable [omitted]
[debug] [2023-10-21T16:01:52.218Z] >>> [apiv2][query] GET https://serviceusage.googleapis.com/v1/projects/test-arena-gym/services/cloudfunctions.googleapis.com [none]
[debug] [2023-10-21T16:01:52.218Z] >>> [apiv2][(partial)header] GET https://serviceusage.googleapis.com/v1/projects/test-arena-gym/services/cloudfunctions.googleapis.com x-goog-quota-user=projects/test-arena-gym
[debug] [2023-10-21T16:01:53.220Z] <<< [apiv2][status] GET https://serviceusage.googleapis.com/v1/projects/test-arena-gym/services/cloudfunctions.googleapis.com 200
[debug] [2023-10-21T16:01:53.220Z] <<< [apiv2][body] GET https://serviceusage.googleapis.com/v1/projects/test-arena-gym/services/cloudfunctions.googleapis.com [omitted]
[info] Let's create a new codebase for your functions.
[info] A directory corresponding to the codebase will be created in your project
[info] with sample code pre-configured.

[info] See https://firebase.google.com/docs/functions/organize-functions for
[info] more information on organizing your functions using codebases.

[info] Functions can be deployed with firebase deploy.

[info] +  Wrote functions/package.json 
[info] +  Wrote functions/.eslintrc.js 
[info] +  Wrote functions/tsconfig.json 
[info] +  Wrote functions/tsconfig.dev.json 
[info] +  Wrote functions/src/index.ts 
[info] +  Wrote functions/.gitignore 
[info] 
=== Hosting Setup
[info] 
[info] Your public directory is the folder (relative to your project directory) that
[info] will contain Hosting assets to be uploaded with firebase deploy. If you
[info] have a build process for your assets, use your build's output directory.
[info] 
[debug] [2023-10-21T16:03:12.866Z] >>> [apiv2][query] GET https://www.gstatic.com/firebasejs/releases.json [none]
[debug] [2023-10-21T16:03:12.966Z] <<< [apiv2][status] GET https://www.gstatic.com/firebasejs/releases.json 200
[debug] [2023-10-21T16:03:12.966Z] <<< [apiv2][body] GET https://www.gstatic.com/firebasejs/releases.json {"current":{"version":"10.5.0","browserURL":"https://www.gstatic.com/firebasejs/10.5.0/firebase.js","packageURL":"https://www.gstatic.com/firebasejs/10.5.0/firebase.tgz"},"live":{"version":"10.5","browserURL":"https://www.gstatic.com/firebasejs/live/10.5/firebase.js","packageURL":"https://www.gstatic.com/firebasejs/live/10.5/firebase.tgz"},"components":{"analytics":"https://www.gstatic.com/firebasejs/10.5.0/firebase-analytics.js","app":"https://www.gstatic.com/firebasejs/10.5.0/firebase-app.js","app-check":"https://www.gstatic.com/firebasejs/10.5.0/firebase-app-check.js","auth":"https://www.gstatic.com/firebasejs/10.5.0/firebase-auth.js","auth/cordova":"https://www.gstatic.com/firebasejs/10.5.0/firebase-auth/cordova.js","functions":"https://www.gstatic.com/firebasejs/10.5.0/firebase-functions.js","firestore":"https://www.gstatic.com/firebasejs/10.5.0/firebase-firestore.js","firestore/lite":"https://www.gstatic.com/firebasejs/10.5.0/firebase-firestore/lite.js","installations":"https://www.gstatic.com/firebasejs/10.5.0/firebase-installations.js","storage":"https://www.gstatic.com/firebasejs/10.5.0/firebase-storage.js","performance":"https://www.gstatic.com/firebasejs/10.5.0/firebase-performance.js","remote-config":"https://www.gstatic.com/firebasejs/10.5.0/firebase-remote-config.js","messaging":"https://www.gstatic.com/firebasejs/10.5.0/firebase-messaging.js","messaging/sw":"https://www.gstatic.com/firebasejs/10.5.0/firebase-messaging/sw.js","database":"https://www.gstatic.com/firebasejs/10.5.0/firebase-database.js","firestore.memory":"https://www.gstatic.com/firebasejs/10.5.0/firebase-firestore.memory.js"}}
[info] +  Wrote public/index.html 
[info] 
[info] i  Detected a .git folder at C:\Users\PC\Desktop\Arena-Gym 
[info] i  Authorizing with GitHub to upload your service account to a GitHub repository's secrets store. 
[info] 
[info] Visit this URL on this device to log in:
[info] https://github.com/login/oauth/authorize?client_id=89cf50f02ac6aaed3484&state=216806793&redirect_uri=http%3A%2F%2Flocalhost%3A9005&scope=read%3Auser%20repo%20public_repo
[info] 
[info] Waiting for authentication...
[debug] [2023-10-21T16:03:23.022Z] >>> [apiv2][query] POST https://github.com/login/oauth/access_token [none]
[debug] [2023-10-21T16:03:23.022Z] >>> [apiv2][body] POST https://github.com/login/oauth/access_token [stream]
[debug] [2023-10-21T16:03:23.331Z] <<< [apiv2][status] POST https://github.com/login/oauth/access_token 200
[debug] [2023-10-21T16:03:23.332Z] <<< [apiv2][body] POST https://github.com/login/oauth/access_token {"access_token":"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","token_type":"bearer","scope":"read:user,repo"}
[debug] [2023-10-21T16:03:23.336Z] >>> [apiv2][query] GET https://api.github.com/user [none]
[debug] [2023-10-21T16:03:23.625Z] <<< [apiv2][status] GET https://api.github.com/user 200
[debug] [2023-10-21T16:03:23.625Z] <<< [apiv2][body] GET https://api.github.com/user {"login":"SergeiiKalina","id":117165743,"node_id":"U_kgDOBvvOrw","avatar_url":"https://avatars.githubusercontent.com/u/117165743?v=4","gravatar_id":"","url":"https://api.github.com/users/SergeiiKalina","html_url":"https://github.com/SergeiiKalina","followers_url":"https://api.github.com/users/SergeiiKalina/followers","following_url":"https://api.github.com/users/SergeiiKalina/following{/other_user}","gists_url":"https://api.github.com/users/SergeiiKalina/gists{/gist_id}","starred_url":"https://api.github.com/users/SergeiiKalina/starred{/owner}{/repo}","subscriptions_url":"https://api.github.com/users/SergeiiKalina/subscriptions","organizations_url":"https://api.github.com/users/SergeiiKalina/orgs","repos_url":"https://api.github.com/users/SergeiiKalina/repos","events_url":"https://api.github.com/users/SergeiiKalina/events{/privacy}","received_events_url":"https://api.github.com/users/SergeiiKalina/received_events","type":"User","site_admin":false,"name":null,"company":null,"blog":"","location":null,"email":null,"hireable":null,"bio":null,"twitter_username":null,"public_repos":8,"public_gists":0,"followers":1,"following":0,"created_at":"2022-11-01T10:34:40Z","updated_at":"2023-10-08T04:35:57Z","private_gists":0,"total_private_repos":0,"owned_private_repos":0,"disk_usage":215295,"collaborators":0,"two_factor_authentication":false,"plan":{"name":"free","space":976562499,"collaborators":0,"private_repos":10000}}
[info] 
[info] +  Success! Logged into GitHub as SergeiiKalina 
[info] 
